\BOOKMARK [0][-]{chapter.1}{\376\377\000M\000a\000g\000i\000c\000\040\000o\000f\000\040\000I\000n\000f\000i\000n\000i\000t\000e\000s\000i\000m\000a\000l\000s}{}% 1
\BOOKMARK [1][-]{section.1.1}{\376\377\000C\000o\000n\000t\000i\000n\000u\000i\000t\000y}{chapter.1}% 2
\BOOKMARK [2][-]{subsection.1.1.1}{\376\377\000A\000n\000y\000\040\000m\000i\000d\000\040\000v\000a\000l\000u\000e}{section.1.1}% 3
\BOOKMARK [2][-]{subsection.1.1.2}{\376\377\000M\000a\000x\000\040\000a\000n\000d\000\040\000M\000i\000n\000\040\000v\000a\000l\000u\000e}{section.1.1}% 4
\BOOKMARK [1][-]{section.1.2}{\376\377\000D\000i\000f\000f\000e\000r\000e\000n\000t\000i\000a\000b\000i\000l\000i\000t\000y}{chapter.1}% 5
\BOOKMARK [2][-]{subsection.1.2.1}{\376\377\000R\000o\000l\000l\000e\000'\000s\000\040\000T\000h\000e\000o\000r\000e\000m}{section.1.2}% 6
\BOOKMARK [2][-]{subsection.1.2.2}{\376\377\000M\000e\000a\000n\000\040\000V\000a\000l\000u\000e\000\040\000t\000h\000e\000o\000r\000e\000m}{section.1.2}% 7
\BOOKMARK [2][-]{subsection.1.2.3}{\376\377\000T\000a\000y\000l\000o\000r\000\040\000s\000e\000r\000i\000e\000s}{section.1.2}% 8
\BOOKMARK [1][-]{section.1.3}{\376\377\000I\000n\000f\000i\000n\000i\000t\000e\000s\000i\000m\000a\000l\000s}{chapter.1}% 9
\BOOKMARK [1][-]{section.1.4}{\376\377\000D\000i\000f\000f\000e\000r\000e\000n\000t\000i\000a\000l\000s}{chapter.1}% 10
\BOOKMARK [0][-]{chapter.2}{\376\377\000S\000e\000q\000u\000e\000n\000c\000e\000s}{}% 11
\BOOKMARK [0][-]{chapter.3}{\376\377\000S\000e\000r\000i\000e\000s}{}% 12
\BOOKMARK [1][-]{subsection.3.0.1}{\376\377\000P\000o\000w\000e\000r\000\040\000s\000e\000r\000i\000e\000s\000\040\000:}{chapter.3}% 13
\BOOKMARK [0][-]{chapter.4}{\376\377\000I\000n\000t\000e\000g\000r\000a\000t\000i\000o\000n}{}% 14
\BOOKMARK [0][-]{chapter.5}{\376\377\000C\000o\000m\000p\000l\000e\000x\000\040\000V\000a\000r\000i\000a\000b\000l\000e\000s}{}% 15
\BOOKMARK [1][-]{section.5.1}{\376\377\000C\000a\000u\000c\000h\000y\000'\000s\000\040\000T\000h\000e\000o\000r\000e\000m\000\040\000a\000n\000d\000\040\000I\000n\000t\000e\000g\000r\000a\000l\000\040\000F\000o\000r\000m\000u\000l\000a\000:}{chapter.5}% 16
\BOOKMARK [1][-]{section.5.2}{\376\377\000A\000n\000a\000l\000y\000t\000i\000c\000\040\000C\000o\000n\000t\000i\000n\000u\000a\000t\000i\000o\000n}{chapter.5}% 17
\BOOKMARK [0][-]{chapter.6}{\376\377\000D\000i\000f\000f\000e\000r\000e\000n\000t\000i\000a\000l\000\040\000E\000q\000u\000a\000t\000i\000o\000n\000s}{}% 18
\BOOKMARK [1][-]{section.6.1}{\376\377\000F\000i\000r\000s\000t\000\040\000O\000r\000d\000e\000r\000\040\000O\000D\000E}{chapter.6}% 19
\BOOKMARK [1][-]{section.6.2}{\376\377\000S\000e\000c\000o\000n\000d\000\040\000O\000r\000d\000e\000r\000\040\000L\000i\000n\000e\000a\000r\000\040\000O\000D\000E}{chapter.6}% 20
\BOOKMARK [2][-]{subsection.6.2.1}{\376\377\000S\000t\000u\000r\000m\000-\000L\000i\000o\000u\000v\000i\000l\000l\000e\000\040\000T\000h\000e\000o\000r\000y}{section.6.2}% 21
\BOOKMARK [2][-]{subsection.6.2.2}{\376\377\000S\000p\000e\000c\000i\000a\000l\000\040\000F\000u\000n\000c\000t\000i\000o\000n\000s\000\040\000a\000n\000d\000\040\000P\000o\000l\000y\000n\000o\000m\000i\000a\000l\000s}{section.6.2}% 22
\BOOKMARK [2][-]{subsection.6.2.3}{\376\377\000V\000a\000r\000i\000a\000t\000i\000o\000n\000a\000l\000\040\000M\000e\000t\000h\000o\000d}{section.6.2}% 23
\BOOKMARK [1][-]{section.6.3}{\376\377\000P\000a\000r\000t\000i\000a\000l\000\040\000D\000i\000f\000f\000e\000r\000e\000n\000t\000i\000a\000l\000\040\000E\000q\000u\000a\000t\000i\000o\000n\000s}{chapter.6}% 24
\BOOKMARK [2][-]{subsection.6.3.1}{\376\377\000C\000h\000a\000r\000e\000c\000t\000e\000r\000i\000s\000t\000i\000c}{section.6.3}% 25
\BOOKMARK [0][-]{chapter.7}{\376\377\000A\000s\000y\000m\000p\000t\000o\000t\000i\000c\000s\000\040\000a\000n\000d\000\040\000P\000e\000r\000t\000u\000r\000b\000a\000t\000i\000o\000n\000\040\000M\000e\000t\000h\000o\000d\000s}{}% 26
\BOOKMARK [1][-]{section.7.1}{\376\377\000F\000o\000r\000\040\000I\000n\000t\000e\000g\000r\000a\000l\000s}{chapter.7}% 27
\BOOKMARK [2][-]{subsection.7.1.1}{\376\377\000I\000n\000t\000e\000g\000r\000a\000t\000i\000o\000n\000\040\000b\000y\000\040\000P\000a\000r\000t\000s}{section.7.1}% 28
\BOOKMARK [2][-]{subsection.7.1.2}{\376\377\000L\000a\000p\000l\000a\000c\000e\000'\000s\000\040\000M\000e\000t\000h\000o\000d}{section.7.1}% 29
\BOOKMARK [2][-]{subsection.7.1.3}{\376\377\000S\000t\000a\000t\000i\000o\000n\000a\000r\000y\000\040\000P\000h\000a\000s\000e}{section.7.1}% 30
\BOOKMARK [2][-]{subsection.7.1.4}{\376\377\000S\000t\000e\000e\000p\000e\000s\000t\000\040\000D\000e\000s\000c\000e\000n\000t}{section.7.1}% 31
\BOOKMARK [0][-]{chapter.8}{\376\377\000G\000e\000n\000e\000r\000a\000l\000\040\000R\000e\000l\000a\000t\000i\000v\000i\000t\000y}{}% 32
